#
# A fatal error has been detected by the Java Runtime Environment:
#
#  EXCEPTION_ACCESS_VIOLATION (0xc0000005) at pc=0x000000006f8e5092, pid=11372, tid=0x0000000000002c3c
#
# JRE version: Java(TM) SE Runtime Environment (8.0_101-b13) (build 1.8.0_101-b13)
# Java VM: Java HotSpot(TM) 64-Bit Server VM (25.101-b13 mixed mode windows-amd64 compressed oops)
# Problematic frame:
# V  [jvm.dll+0x145092]
#
# Failed to write core dump. Minidumps are not enabled by default on client versions of Windows
#
# If you would like to submit a bug report, please visit:
#   http://bugreport.java.com/bugreport/crash.jsp
#

---------------  T H R E A D  ---------------

Current thread (0x0000000027b7a800):  JavaThread "qtp993729887-17" [_thread_in_vm, id=11324, stack(0x00000000287b0000,0x00000000288b0000)]

siginfo: ExceptionCode=0xc0000005, reading address 0x0000000000000000

Registers:
RAX=0x0000000000000000, RBX=0x0000000027b7a800, RCX=0x0000000000000a80, RDX=0x0000000000000000
RSP=0x00000000288ae5a0, RBP=0x0000000000000000, RSI=0x0000000000000000, RDI=0x0000000000000000
R8 =0x0000000000000000, R9 =0x0000000717ae8b98, R10=0x0000000000000004, R11=0x000000006ffac358
R12=0x0000000000000000, R13=0x0000000024f4f738, R14=0x00000000288ae740, R15=0x0000000027b7a800
RIP=0x000000006f8e5092, EFLAGS=0x0000000000010202

Top of Stack: (sp=0x00000000288ae5a0)
0x00000000288ae5a0:   00000000288ae5b8 00000000288ae618
0x00000000288ae5b0:   000000000283835d 0000000717ae9570
0x00000000288ae5c0:   0000000027b7a800 0000000000000000
0x00000000288ae5d0:   0000000717ae9570 00000000288ae5d8
0x00000000288ae5e0:   0000000024f8d329 00000000288ae630
0x00000000288ae5f0:   0000000024fd0898 0000000000000000
0x00000000288ae600:   0000000024f8d358 0000000027b7a9f8
0x00000000288ae610:   000000000035f4f8 000000006d5820f0
0x00000000288ae620:   00000000288ae740 0000000000000000
0x00000000288ae630:   0000000717ae9570 0000000027b7a9f8
0x00000000288ae640:   0000000024f8ab7a 00000000288ae690
0x00000000288ae650:   0000000024fd0b80 0000000024f4fca0
0x00000000288ae660:   0000000050200021 0000000024f4f740
0x00000000288ae670:   0000000050200021 0000000002837da0
0x00000000288ae680:   00000000288ae718 0000000002848a57
0x00000000288ae690:   0000000000000000 0000000002848f83 

Instructions: (pc=0x000000006f8e5092)
0x000000006f8e5072:   89 5c 24 20 48 89 74 24 28 48 39 73 08 74 0a 48
0x000000006f8e5082:   8d 4c 24 20 e8 75 63 13 00 40 38 35 de 62 6c 00
0x000000006f8e5092:   48 8b 3f 48 63 05 c0 c2 6a 00 74 1b 8b 0c 38 85
0x000000006f8e50a2:   c9 74 7c 8b c1 8b 0d e3 96 65 00 48 d3 e0 48 03 


Register to memory mapping:

RAX=0x0000000000000000 is an unknown value
RBX=0x0000000027b7a800 is a thread
RCX=0x0000000000000a80 is an unknown value
RDX=0x0000000000000000 is an unknown value
RSP=0x00000000288ae5a0 is pointing into the stack for thread: 0x0000000027b7a800
RBP=0x0000000000000000 is an unknown value
RSI=0x0000000000000000 is an unknown value
RDI=0x0000000000000000 is an unknown value
R8 =0x0000000000000000 is an unknown value
R9 =0x0000000717ae8b98 is an oop
org.sqlite.core.NativeDB 
 - klass: 'org/sqlite/core/NativeDB'
R10=0x0000000000000004 is an unknown value
R11=0x000000006ffac358 is an unknown value
R12=0x0000000000000000 is an unknown value
R13=0x0000000024f4f738 is pointing into metadata
R14=0x00000000288ae740 is pointing into the stack for thread: 0x0000000027b7a800
R15=0x0000000027b7a800 is a thread


Stack: [0x00000000287b0000,0x00000000288b0000],  sp=0x00000000288ae5a0,  free space=1017k
Native frames: (J=compiled Java code, j=interpreted, Vv=VM code, C=native code)

Java frames: (J=compiled Java code, j=interpreted, Vv=VM code)
j  org.sqlite.core.NativeDB._exec(Ljava/lang/String;)I+0
j  org.sqlite.jdbc3.JDBC3Statement.executeUpdate(Ljava/lang/String;)I+46
j  tikape.runko.database.Database.lisaaTaulu(Ljava/lang/String;)V+18
j  tikape.runko.Main.lambda$main$0(Ltikape/runko/database/ALUEETDao;Ltikape/runko/database/Database;Lspark/Request;Lspark/Response;)Lspark/ModelAndView;+28
j  tikape.runko.Main$$Lambda$1.handle(Lspark/Request;Lspark/Response;)Lspark/ModelAndView;+10
j  spark.TemplateViewRouteImpl$1.handle(Lspark/Request;Lspark/Response;)Ljava/lang/Object;+6
j  spark.webserver.MatcherFilter.doFilter(Ljavax/servlet/ServletRequest;Ljavax/servlet/ServletResponse;Ljavax/servlet/FilterChain;)V+401
j  spark.webserver.JettyHandler.doHandle(Ljava/lang/String;Lorg/eclipse/jetty/server/Request;Ljavax/servlet/http/HttpServletRequest;Ljavax/servlet/http/HttpServletResponse;)V+15
j  org.eclipse.jetty.server.session.SessionHandler.doScope(Ljava/lang/String;Lorg/eclipse/jetty/server/Request;Ljavax/servlet/http/HttpServletRequest;Ljavax/servlet/http/HttpServletResponse;)V+291
j  org.eclipse.jetty.server.handler.ScopedHandler.handle(Ljava/lang/String;Lorg/eclipse/jetty/server/Request;Ljavax/servlet/http/HttpServletRequest;Ljavax/servlet/http/HttpServletResponse;)V+20
j  org.eclipse.jetty.server.handler.HandlerWrapper.handle(Ljava/lang/String;Lorg/eclipse/jetty/server/Request;Ljavax/servlet/http/HttpServletRequest;Ljavax/servlet/http/HttpServletResponse;)V+18
j  org.eclipse.jetty.server.Server.handle(Lorg/eclipse/jetty/server/HttpChannel;)V+179
j  org.eclipse.jetty.server.HttpChannel.handle()Z+290
j  org.eclipse.jetty.server.HttpConnection.onFillable()V+95
j  org.eclipse.jetty.io.AbstractConnection$ReadCallback.succeeded()V+4
j  org.eclipse.jetty.io.FillInterest.fillable()V+61
j  org.eclipse.jetty.io.SelectChannelEndPoint$2.run()V+7
j  org.eclipse.jetty.util.thread.strategy.ExecuteProduceConsume.produceAndRun()V+397
j  org.eclipse.jetty.util.thread.strategy.ExecuteProduceConsume.run()V+197
j  org.eclipse.jetty.util.thread.QueuedThreadPool.runJob(Ljava/lang/Runnable;)V+1
j  org.eclipse.jetty.util.thread.QueuedThreadPool$3.run()V+104
j  java.lang.Thread.run()V+11
v  ~StubRoutines::call_stub

---------------  P R O C E S S  ---------------

Java Threads: ( => current thread )
  0x0000000027ca5000 JavaThread "Scheduler-604947580" [_thread_blocked, id=11252, stack(0x0000000029110000,0x0000000029210000)]
  0x0000000027b74800 JavaThread "org.eclipse.jetty.server.session.HashSessionManager@6ccd11ebTimer" daemon [_thread_blocked, id=11276, stack(0x0000000028db0000,0x0000000028eb0000)]
  0x0000000027b7e800 JavaThread "qtp993729887-20-acceptor-0@5a1fed3d-ServerConnector@2e90fc28{HTTP/1.1,[http/1.1]}{0.0.0.0:4567}" [_thread_in_native, id=11320, stack(0x0000000028bd0000,0x0000000028cd0000)]
  0x0000000027b7c000 JavaThread "qtp993729887-19" [_thread_blocked, id=11332, stack(0x00000000288e0000,0x00000000289e0000)]
  0x0000000027b7b000 JavaThread "qtp993729887-18" [_thread_blocked, id=11328, stack(0x00000000289e0000,0x0000000028ae0000)]
=>0x0000000027b7a800 JavaThread "qtp993729887-17" [_thread_in_vm, id=11324, stack(0x00000000287b0000,0x00000000288b0000)]
  0x0000000027b79800 JavaThread "qtp993729887-16" [_thread_blocked, id=11316, stack(0x0000000028170000,0x0000000028270000)]
  0x0000000027c70000 JavaThread "qtp993729887-15" [_thread_blocked, id=11280, stack(0x0000000028580000,0x0000000028680000)]
  0x0000000027c6d000 JavaThread "qtp993729887-14" [_thread_in_native, id=11308, stack(0x0000000028680000,0x0000000028780000)]
  0x0000000027c66800 JavaThread "qtp993729887-13" [_thread_in_native, id=11296, stack(0x0000000028440000,0x0000000028540000)]
  0x00000000021ef000 JavaThread "DestroyJavaVM" [_thread_blocked, id=11600, stack(0x0000000002460000,0x0000000002560000)]
  0x0000000027b55800 JavaThread "Thread-0" [_thread_blocked, id=11344, stack(0x00000000282c0000,0x00000000283c0000)]
  0x0000000026f50000 JavaThread "Service Thread" daemon [_thread_blocked, id=11056, stack(0x0000000027530000,0x0000000027630000)]
  0x0000000026ecd000 JavaThread "C1 CompilerThread2" daemon [_thread_blocked, id=11272, stack(0x0000000026cc0000,0x0000000026dc0000)]
  0x000000002553f800 JavaThread "C2 CompilerThread1" daemon [_thread_blocked, id=11268, stack(0x0000000027310000,0x0000000027410000)]
  0x0000000025539800 JavaThread "C2 CompilerThread0" daemon [_thread_blocked, id=10532, stack(0x0000000026dc0000,0x0000000026ec0000)]
  0x0000000025535800 JavaThread "Attach Listener" daemon [_thread_blocked, id=10764, stack(0x0000000026a10000,0x0000000026b10000)]
  0x0000000025534000 JavaThread "Signal Dispatcher" daemon [_thread_blocked, id=11248, stack(0x0000000026b10000,0x0000000026c10000)]
  0x000000002551a000 JavaThread "Finalizer" daemon [_thread_blocked, id=9032, stack(0x0000000026900000,0x0000000026a00000)]
  0x00000000254d3000 JavaThread "Reference Handler" daemon [_thread_blocked, id=8068, stack(0x0000000026750000,0x0000000026850000)]

Other Threads:
  0x00000000254cb800 VMThread [stack: 0x00000000265e0000,0x00000000266e0000] [id=6816]
  0x0000000026f5a000 WatcherThread [stack: 0x00000000276b0000,0x00000000277b0000] [id=9848]

VM state:not at safepoint (normal execution)

VM Mutex/Monitor currently owned by a thread: None

Heap:
 PSYoungGen      total 153088K, used 34213K [0x0000000715b80000, 0x0000000720600000, 0x00000007c0000000)
  eden space 131584K, 26% used [0x0000000715b80000,0x0000000717ce94c0,0x000000071dc00000)
  from space 21504K, 0% used [0x000000071f100000,0x000000071f100000,0x0000000720600000)
  to   space 21504K, 0% used [0x000000071dc00000,0x000000071dc00000,0x000000071f100000)
 ParOldGen       total 349696K, used 0K [0x00000005c1200000, 0x00000005d6780000, 0x0000000715b80000)
  object space 349696K, 0% used [0x00000005c1200000,0x00000005c1200000,0x00000005d6780000)
 Metaspace       used 10315K, capacity 10494K, committed 10880K, reserved 1058816K
  class space    used 1219K, capacity 1281K, committed 1408K, reserved 1048576K

Card table byte_map: [0x0000000011bf0000,0x0000000012bf0000] byte_map_base: 0x000000000ede7000

Marking Bits: (ParMarkBitMap*) 0x000000006ffba6d0
 Begin Bits: [0x0000000013bd0000, 0x000000001bb88000)
 End Bits:   [0x000000001bb88000, 0x0000000023b40000)

Polling page: 0x0000000000330000

CodeCache: size=245760Kb used=2760Kb max_used=2773Kb free=242999Kb
 bounds [0x0000000002830000, 0x0000000002af0000, 0x0000000011830000]
 total_blobs=1027 nmethods=681 adapters=259
 compilation: enabled

Compilation events (10 events):
Event: 1.854 Thread 0x0000000026ecd000  676       3       java.lang.ClassLoader::defineClass (43 bytes)
Event: 1.855 Thread 0x0000000026ecd000 nmethod 676 0x0000000002adddd0 code [0x0000000002addfc0, 0x0000000002adeba8]
Event: 1.855 Thread 0x0000000026ecd000  677   !   3       java.net.URLClassLoader::definePackageInternal (81 bytes)
Event: 1.855 Thread 0x0000000026ecd000 nmethod 677 0x0000000002adf0d0 code [0x0000000002adf2e0, 0x0000000002adfe38]
Event: 1.855 Thread 0x0000000025539800  678       4       java.io.WinNTFileSystem::normalize (143 bytes)
Event: 1.857 Thread 0x0000000026ecd000  679       1       java.io.File::getPrefixLength (5 bytes)
Event: 1.857 Thread 0x0000000026ecd000 nmethod 679 0x0000000002ae0510 code [0x0000000002ae0660, 0x0000000002ae0770]
Event: 1.857 Thread 0x000000002553f800  680       4       java.util.HashMap::putVal (300 bytes)
Event: 1.859 Thread 0x0000000025539800 nmethod 678 0x0000000002ae3790 code [0x0000000002ae3900, 0x0000000002ae3c88]
Event: 1.859 Thread 0x0000000025539800  681       4       java.util.HashMap::put (13 bytes)

GC Heap History (0 events):
No events

Deoptimization events (1 events):
Event: 0.299 Thread 0x00000000021ef000 Uncommon trap: reason=unstable_if action=reinterpret pc=0x00000000029c9ecc method=org.sqlite.SQLiteJDBCLoader.contentsEquals(Ljava/io/InputStream;Ljava/io/InputStream;)Z @ 39

Internal exceptions (8 events):
Event: 0.031 Thread 0x00000000021ef000 Exception <a 'java/lang/NoSuchMethodError': Method sun.misc.Unsafe.defineClass(Ljava/lang/String;[BII)Ljava/lang/Class; name or signature does not match> (0x0000000715b87cc0) thrown at [C:\re\workspace\8-2-build-windows-amd64-cygwin\jdk8u101\7261\hotspot\sjÎ∏èÔü?
Event: 0.031 Thread 0x00000000021ef000 Exception <a 'java/lang/NoSuchMethodError': Method sun.misc.Unsafe.prefetchRead(Ljava/lang/Object;J)V name or signature does not match> (0x0000000715b87fa8) thrown at [C:\re\workspace\8-2-build-windows-amd64-cygwin\jdk8u101\7261\hotspot\src\share\vm\prims\=◊;ŒÅ∫?
Event: 0.104 Thread 0x00000000021ef000 Exception <a 'java/security/PrivilegedActionException'> (0x0000000715c63eb8) thrown at [C:\re\workspace\8-2-build-windows-amd64-cygwin\jdk8u101\7261\hotspot\src\share\vm\prims\jvm.cpp, line 1386]
Event: 0.104 Thread 0x00000000021ef000 Exception <a 'java/security/PrivilegedActionException'> (0x0000000715c640c8) thrown at [C:\re\workspace\8-2-build-windows-amd64-cygwin\jdk8u101\7261\hotspot\src\share\vm\prims\jvm.cpp, line 1386]
Event: 0.104 Thread 0x00000000021ef000 Exception <a 'java/security/PrivilegedActionException'> (0x0000000715c67fb0) thrown at [C:\re\workspace\8-2-build-windows-amd64-cygwin\jdk8u101\7261\hotspot\src\share\vm\prims\jvm.cpp, line 1386]
Event: 0.104 Thread 0x00000000021ef000 Exception <a 'java/security/PrivilegedActionException'> (0x0000000715c681c0) thrown at [C:\re\workspace\8-2-build-windows-amd64-cygwin\jdk8u101\7261\hotspot\src\share\vm\prims\jvm.cpp, line 1386]
Event: 0.360 Thread 0x00000000021ef000 Exception <a 'java/lang/NoSuchFieldError': method resolution failed> (0x00000007162dc400) thrown at [C:\re\workspace\8-2-build-windows-amd64-cygwin\jdk8u101\7261\hotspot\src\share\vm\prims\methodHandles.cpp, line 1146]
Event: 0.361 Thread 0x00000000021ef000 Exception <a 'java/lang/NoSuchFieldError': method resolution failed> (0x00000007162e9770) thrown at [C:\re\workspace\8-2-build-windows-amd64-cygwin\jdk8u101\7261\hotspot\src\share\vm\prims\methodHandles.cpp, line 1146]

Events (10 events):
Event: 1.857 loading class java/sql/ParameterMetaData
Event: 1.857 loading class java/sql/ParameterMetaData done
Event: 1.857 loading class org/sqlite/jdbc3/JDBC3PreparedStatement
Event: 1.857 loading class org/sqlite/jdbc3/JDBC3PreparedStatement done
Event: 1.858 loading class org/sqlite/core/CorePreparedStatement
Event: 1.858 loading class org/sqlite/core/CorePreparedStatement done
Event: 1.859 loading class java/sql/Date
Event: 1.859 loading class java/sql/Date done
Event: 1.860 loading class tikape/runko/domain/ALUE
Event: 1.860 loading class tikape/runko/domain/ALUE done


Dynamic libraries:
0x000000013f3e0000 - 0x000000013f417000 	C:\Program Files\Java\jdk1.8.0_101\bin\java.exe
0x00000000779c0000 - 0x0000000077b6a000 	C:\Windows\SYSTEM32\ntdll.dll
0x00000000778a0000 - 0x00000000779bf000 	C:\Windows\system32\kernel32.dll
0x000007fefd7d0000 - 0x000007fefd83a000 	C:\Windows\system32\KERNELBASE.dll
0x000007feffaa0000 - 0x000007feffb7b000 	C:\Windows\system32\ADVAPI32.dll
0x000007fefe940000 - 0x000007fefe9df000 	C:\Windows\system32\msvcrt.dll
0x000007fefdbe0000 - 0x000007fefdbff000 	C:\Windows\SYSTEM32\sechost.dll
0x000007feffb80000 - 0x000007feffcad000 	C:\Windows\system32\RPCRT4.dll
0x00000000777a0000 - 0x000000007789a000 	C:\Windows\system32\USER32.dll
0x000007fefdc80000 - 0x000007fefdce7000 	C:\Windows\system32\GDI32.dll
0x000007fefdf70000 - 0x000007fefdf7e000 	C:\Windows\system32\LPK.dll
0x000007fefdb10000 - 0x000007fefdbda000 	C:\Windows\system32\USP10.dll
0x000007fefbf80000 - 0x000007fefc174000 	C:\Windows\WinSxS\amd64_microsoft.windows.common-controls_6595b64144ccf1df_6.0.7601.18837_none_fa3b1e3d17594757\COMCTL32.dll
0x000007fefe2f0000 - 0x000007fefe361000 	C:\Windows\system32\SHLWAPI.dll
0x000007fefe370000 - 0x000007fefe39e000 	C:\Windows\system32\IMM32.DLL
0x000007fefe3a0000 - 0x000007fefe4a9000 	C:\Windows\system32\MSCTF.dll
0x000000006bcd0000 - 0x000000006bda2000 	C:\Program Files\Java\jdk1.8.0_101\jre\bin\msvcr100.dll
0x000000006f7a0000 - 0x000000007003a000 	C:\Program Files\Java\jdk1.8.0_101\jre\bin\server\jvm.dll
0x000007fee2720000 - 0x000007fee2729000 	C:\Windows\system32\WSOCK32.dll
0x000007fefdac0000 - 0x000007fefdb0d000 	C:\Windows\system32\WS2_32.dll
0x000007fefdcf0000 - 0x000007fefdcf8000 	C:\Windows\system32\NSI.dll
0x000007fefadd0000 - 0x000007fefae0b000 	C:\Windows\system32\WINMM.dll
0x000007fefc7c0000 - 0x000007fefc7cc000 	C:\Windows\system32\VERSION.dll
0x0000000077b80000 - 0x0000000077b87000 	C:\Windows\system32\PSAPI.DLL
0x0000000071180000 - 0x000000007118f000 	C:\Program Files\Java\jdk1.8.0_101\jre\bin\verify.dll
0x0000000070f70000 - 0x0000000070f99000 	C:\Program Files\Java\jdk1.8.0_101\jre\bin\java.dll
0x0000000070ed0000 - 0x0000000070ee6000 	C:\Program Files\Java\jdk1.8.0_101\jre\bin\zip.dll
0x000007fefe9e0000 - 0x000007feff76c000 	C:\Windows\system32\SHELL32.dll
0x000007fefe4b0000 - 0x000007fefe6b3000 	C:\Windows\system32\ole32.dll
0x000007fefd710000 - 0x000007fefd71f000 	C:\Windows\system32\profapi.dll
0x000007fefcf40000 - 0x000007fefcf58000 	C:\Windows\system32\CRYPTSP.dll
0x000007fefcc40000 - 0x000007fefcc87000 	C:\Windows\system32\rsaenh.dll
0x000007fefd9c0000 - 0x000007fefd9de000 	C:\Windows\system32\USERENV.dll
0x000007fefd5a0000 - 0x000007fefd5af000 	C:\Windows\system32\CRYPTBASE.dll
0x0000000070bf0000 - 0x0000000070c0a000 	C:\Program Files\Java\jdk1.8.0_101\jre\bin\net.dll
0x000007fefcee0000 - 0x000007fefcf35000 	C:\Windows\system32\mswsock.dll
0x000007fefced0000 - 0x000007fefced7000 	C:\Windows\System32\wship6.dll
0x000007fefa040000 - 0x000007fefa067000 	C:\Windows\system32\IPHLPAPI.DLL
0x000007fefa020000 - 0x000007fefa02b000 	C:\Windows\system32\WINNSI.DLL
0x000007fef9eb0000 - 0x000007fef9ec1000 	C:\Windows\system32\dhcpcsvc6.DLL
0x000007fef9e90000 - 0x000007fef9ea8000 	C:\Windows\system32\dhcpcsvc.DLL
0x0000000070b60000 - 0x0000000070b71000 	C:\Program Files\Java\jdk1.8.0_101\jre\bin\nio.dll
0x000000006d580000 - 0x000000006d63d000 	F:\TEMP\sqlite-3.8.11.2-8168338c-342a-4612-9cff-ed4eb90bd2ae-sqlitejdbc.dll
0x0000000073a10000 - 0x0000000073a1d000 	C:\Program Files\Java\jdk1.8.0_101\jre\bin\management.dll
0x000007fef6ae0000 - 0x000007fef6c05000 	C:\Windows\system32\dbghelp.dll

VM Arguments:
java_command: tikape.runko.Main
java_class_path (initial): C:\Users\Anssi\Documents\tikape-projekti\tikape-runko\target\classes;C:\Users\Anssi\.m2\repository\com\sparkjava\spark-core\2.3\spark-core-2.3.jar;C:\Users\Anssi\.m2\repository\org\slf4j\slf4j-api\1.7.12\slf4j-api-1.7.12.jar;C:\Users\Anssi\.m2\repository\org\slf4j\slf4j-simple\1.7.12\slf4j-simple-1.7.12.jar;C:\Users\Anssi\.m2\repository\org\eclipse\jetty\jetty-server\9.3.2.v20150730\jetty-server-9.3.2.v20150730.jar;C:\Users\Anssi\.m2\repository\javax\servlet\javax.servlet-api\3.1.0\javax.servlet-api-3.1.0.jar;C:\Users\Anssi\.m2\repository\org\eclipse\jetty\jetty-http\9.3.2.v20150730\jetty-http-9.3.2.v20150730.jar;C:\Users\Anssi\.m2\repository\org\eclipse\jetty\jetty-util\9.3.2.v20150730\jetty-util-9.3.2.v20150730.jar;C:\Users\Anssi\.m2\repository\org\eclipse\jetty\jetty-io\9.3.2.v20150730\jetty-io-9.3.2.v20150730.jar;C:\Users\Anssi\.m2\repository\org\eclipse\jetty\jetty-webapp\9.3.2.v20150730\jetty-webapp-9.3.2.v20150730.jar;C:\Users\Anssi\.m2\repository\org\eclipse\jetty\jetty-xml\9.3.2.v20150730\jetty-xml-9.3.2.v20150730.jar;C:\Users\Anssi\.m2\repository\org\eclipse\jetty\jetty-servlet\9.3.2.v20150730\jetty-servlet-9.3.2.v20150730.jar;C:\Users\Anssi\.m2\repository\org\eclipse\jetty\jetty-security\9.3.2.v20150730\jetty-security-9.3.2.v20150730.jar;C:\Users\Anssi\.m2\repository\org\eclipse\jetty\websocket\websocket-server\9.3.2.v20150730\websocket-server-9.3.2.v20150730.jar;C:\Users\Anssi\.m2\repository\org\eclipse\jetty\websocket\websocket-common\9.3.2.v20150730\websocket-common-9.3.2.v20150730.jar;C:\Users\Anssi\.m2\repository\org\eclipse\jetty\websocket\websocket-client\9.3.2.v20150730\websocket-client-9.3.2.v20150730.jar;C:\Users\Anssi\.m2\repository\org\eclipse\jetty\websocket\websocket-servlet\9.3.2.v20150730\websocket-servlet-9.3.2.v20150730.jar;C:\Users\Anssi\.m2\repository\org\eclipse\jetty\websocket\websocket-api\9.3.2.v20150730\websocket-api-9.3.2.v20150730.jar;C:\Users\Anssi\.m2\repository\com\sparkjava\spark-template-thymele
Launcher Type: SUN_STANDARD

Environment Variables:
JAVA_HOME=C:\Program Files\Java\jdk1.8.0_101
PATH=C:\SQLite;C:\Users\Anssi\AppData\Local\Programs\Python\Python36-32\Scripts\;C:\Users\Anssi\AppData\Local\Programs\Python\Python36-32\
USERNAME=Anssi
OS=Windows_NT
PROCESSOR_IDENTIFIER=Intel64 Family 6 Model 94 Stepping 3, GenuineIntel



---------------  S Y S T E M  ---------------

OS: Windows 7 , 64 bit Build 7601 (6.1.7601.23418)

CPU:total 4 (4 cores per cpu, 1 threads per core) family 6 model 94 stepping 3, cmov, cx8, fxsr, mmx, sse, sse2, sse3, ssse3, sse4.1, sse4.2, popcnt, avx, avx2, aes, clmul, erms, rtm, 3dnowpref, lzcnt, tsc, tscinvbit, bmi1, bmi2, adx

Memory: 4k page, physical 33474600k(22521132k free), swap 41664740k(27622024k free)

vm_info: Java HotSpot(TM) 64-Bit Server VM (25.101-b13) for windows-amd64 JRE (1.8.0_101-b13), built on Jun 22 2016 01:21:29 by "java_re" with MS VC++ 10.0 (VS2010)

time: Sun Feb 12 05:58:09 2017
elapsed time: 1 seconds (0d 0h 0m 1s)

