#
# A fatal error has been detected by the Java Runtime Environment:
#
#  EXCEPTION_ACCESS_VIOLATION (0xc0000005) at pc=0x000000006f8e5092, pid=11716, tid=0x0000000000002d1c
#
# JRE version: Java(TM) SE Runtime Environment (8.0_101-b13) (build 1.8.0_101-b13)
# Java VM: Java HotSpot(TM) 64-Bit Server VM (25.101-b13 mixed mode windows-amd64 compressed oops)
# Problematic frame:
# V  [jvm.dll+0x145092]
#
# Failed to write core dump. Minidumps are not enabled by default on client versions of Windows
#
# If you would like to submit a bug report, please visit:
#   http://bugreport.java.com/bugreport/crash.jsp
#

---------------  T H R E A D  ---------------

Current thread (0x0000000027d11800):  JavaThread "qtp193308064-16" [_thread_in_vm, id=11548, stack(0x0000000028650000,0x0000000028750000)]

siginfo: ExceptionCode=0xc0000005, reading address 0x0000000000000000

Registers:
RAX=0x0000000000000000, RBX=0x0000000027d11800, RCX=0x0000000000000180, RDX=0x0000000000000000
RSP=0x000000002874e550, RBP=0x0000000000000000, RSI=0x0000000000000000, RDI=0x0000000000000000
R8 =0x0000000000000000, R9 =0x0000000717b08c90, R10=0x0000000000000002, R11=0x000000006ffac358
R12=0x0000000000000000, R13=0x000000002500f738, R14=0x000000002874e6f0, R15=0x0000000027d11800
RIP=0x000000006f8e5092, EFLAGS=0x0000000000010202

Top of Stack: (sp=0x000000002874e550)
0x000000002874e550:   000000002874e568 000000002874e5c8
0x000000002874e560:   00000000026e835d 0000000717b09668
0x000000002874e570:   0000000027d11800 0000000000000000
0x000000002874e580:   0000000717b09668 000000002874e588
0x000000002874e590:   000000002504d329 000000002874e5e0
0x000000002874e5a0:   000000002508f898 0000000000000000
0x000000002874e5b0:   000000002504d358 0000000027d119f8
0x000000002874e5c0:   00000000000df4f8 000000006d5820f0
0x000000002874e5d0:   000000002874e6f0 0000000000000000
0x000000002874e5e0:   0000000717b09668 0000000027d119f8
0x000000002874e5f0:   000000002504ab7a 000000002874e640
0x000000002874e600:   000000002508fb80 000000002500fca0
0x000000002874e610:   0000000050200021 000000002500f740
0x000000002874e620:   0000000050200021 00000000026e7da0
0x000000002874e630:   000000002874e6c8 00000000026f8a57
0x000000002874e640:   0000000000000000 00000000026f8f83 

Instructions: (pc=0x000000006f8e5092)
0x000000006f8e5072:   89 5c 24 20 48 89 74 24 28 48 39 73 08 74 0a 48
0x000000006f8e5082:   8d 4c 24 20 e8 75 63 13 00 40 38 35 de 62 6c 00
0x000000006f8e5092:   48 8b 3f 48 63 05 c0 c2 6a 00 74 1b 8b 0c 38 85
0x000000006f8e50a2:   c9 74 7c 8b c1 8b 0d e3 96 65 00 48 d3 e0 48 03 


Register to memory mapping:

RAX=0x0000000000000000 is an unknown value
RBX=0x0000000027d11800 is a thread
RCX=0x0000000000000180 is an unknown value
RDX=0x0000000000000000 is an unknown value
RSP=0x000000002874e550 is pointing into the stack for thread: 0x0000000027d11800
RBP=0x0000000000000000 is an unknown value
RSI=0x0000000000000000 is an unknown value
RDI=0x0000000000000000 is an unknown value
R8 =0x0000000000000000 is an unknown value
R9 =0x0000000717b08c90 is an oop
org.sqlite.core.NativeDB 
 - klass: 'org/sqlite/core/NativeDB'
R10=0x0000000000000002 is an unknown value
R11=0x000000006ffac358 is an unknown value
R12=0x0000000000000000 is an unknown value
R13=0x000000002500f738 is pointing into metadata
R14=0x000000002874e6f0 is pointing into the stack for thread: 0x0000000027d11800
R15=0x0000000027d11800 is a thread


Stack: [0x0000000028650000,0x0000000028750000],  sp=0x000000002874e550,  free space=1017k
Native frames: (J=compiled Java code, j=interpreted, Vv=VM code, C=native code)

Java frames: (J=compiled Java code, j=interpreted, Vv=VM code)
j  org.sqlite.core.NativeDB._exec(Ljava/lang/String;)I+0
j  org.sqlite.jdbc3.JDBC3Statement.executeUpdate(Ljava/lang/String;)I+46
j  tikape.runko.database.Database.lisaaTaulu(Ljava/lang/String;)V+18
j  tikape.runko.Main.lambda$main$0(Ltikape/runko/database/ALUEETDao;Ltikape/runko/database/Database;Lspark/Request;Lspark/Response;)Lspark/ModelAndView;+28
j  tikape.runko.Main$$Lambda$1.handle(Lspark/Request;Lspark/Response;)Lspark/ModelAndView;+10
j  spark.TemplateViewRouteImpl$1.handle(Lspark/Request;Lspark/Response;)Ljava/lang/Object;+6
j  spark.webserver.MatcherFilter.doFilter(Ljavax/servlet/ServletRequest;Ljavax/servlet/ServletResponse;Ljavax/servlet/FilterChain;)V+401
j  spark.webserver.JettyHandler.doHandle(Ljava/lang/String;Lorg/eclipse/jetty/server/Request;Ljavax/servlet/http/HttpServletRequest;Ljavax/servlet/http/HttpServletResponse;)V+15
j  org.eclipse.jetty.server.session.SessionHandler.doScope(Ljava/lang/String;Lorg/eclipse/jetty/server/Request;Ljavax/servlet/http/HttpServletRequest;Ljavax/servlet/http/HttpServletResponse;)V+291
j  org.eclipse.jetty.server.handler.ScopedHandler.handle(Ljava/lang/String;Lorg/eclipse/jetty/server/Request;Ljavax/servlet/http/HttpServletRequest;Ljavax/servlet/http/HttpServletResponse;)V+20
j  org.eclipse.jetty.server.handler.HandlerWrapper.handle(Ljava/lang/String;Lorg/eclipse/jetty/server/Request;Ljavax/servlet/http/HttpServletRequest;Ljavax/servlet/http/HttpServletResponse;)V+18
j  org.eclipse.jetty.server.Server.handle(Lorg/eclipse/jetty/server/HttpChannel;)V+179
j  org.eclipse.jetty.server.HttpChannel.handle()Z+290
j  org.eclipse.jetty.server.HttpConnection.onFillable()V+95
j  org.eclipse.jetty.io.AbstractConnection$ReadCallback.succeeded()V+4
j  org.eclipse.jetty.io.FillInterest.fillable()V+61
j  org.eclipse.jetty.io.SelectChannelEndPoint$2.run()V+7
j  org.eclipse.jetty.util.thread.strategy.ExecuteProduceConsume.produceAndRun()V+397
j  org.eclipse.jetty.util.thread.strategy.ExecuteProduceConsume.run()V+197
j  org.eclipse.jetty.util.thread.QueuedThreadPool.runJob(Ljava/lang/Runnable;)V+1
j  org.eclipse.jetty.util.thread.QueuedThreadPool$3.run()V+104
j  java.lang.Thread.run()V+11
v  ~StubRoutines::call_stub

---------------  P R O C E S S  ---------------

Java Threads: ( => current thread )
  0x0000000027daf000 JavaThread "Scheduler-96209471" [_thread_blocked, id=11572, stack(0x0000000028e80000,0x0000000028f80000)]
  0x0000000027d95800 JavaThread "org.eclipse.jetty.server.session.HashSessionManager@77af27d8Timer" daemon [_thread_blocked, id=11568, stack(0x0000000028880000,0x0000000028980000)]
  0x0000000027c6c800 JavaThread "qtp193308064-20" [_thread_blocked, id=11564, stack(0x0000000028b20000,0x0000000028c20000)]
  0x0000000027c6c000 JavaThread "qtp193308064-19" [_thread_blocked, id=11560, stack(0x00000000289b0000,0x0000000028ab0000)]
  0x0000000027c65000 JavaThread "qtp193308064-18" [_thread_in_native, id=11556, stack(0x0000000027700000,0x0000000027800000)]
  0x0000000027c64000 JavaThread "qtp193308064-17" [_thread_in_native, id=11552, stack(0x0000000028750000,0x0000000028850000)]
=>0x0000000027d11800 JavaThread "qtp193308064-16" [_thread_in_vm, id=11548, stack(0x0000000028650000,0x0000000028750000)]
  0x0000000027d2d000 JavaThread "qtp193308064-15-acceptor-0@778494ba-ServerConnector@24d17180{HTTP/1.1,[http/1.1]}{0.0.0.0:4567}" [_thread_in_native, id=11544, stack(0x00000000284f0000,0x00000000285f0000)]
  0x0000000027d26000 JavaThread "qtp193308064-14" [_thread_blocked, id=11540, stack(0x00000000283e0000,0x00000000284e0000)]
  0x0000000027cb8000 JavaThread "qtp193308064-13" [_thread_blocked, id=11536, stack(0x0000000027380000,0x0000000027480000)]
  0x000000000211f000 JavaThread "DestroyJavaVM" [_thread_blocked, id=3432, stack(0x0000000002220000,0x0000000002320000)]
  0x0000000027ac8000 JavaThread "Thread-0" [_thread_blocked, id=11412, stack(0x00000000281d0000,0x00000000282d0000)]
  0x0000000026fd8800 JavaThread "Service Thread" daemon [_thread_blocked, id=11796, stack(0x0000000027490000,0x0000000027590000)]
  0x00000000255f7000 JavaThread "C1 CompilerThread2" daemon [_thread_blocked, id=11848, stack(0x0000000026d30000,0x0000000026e30000)]
  0x00000000255e0000 JavaThread "C2 CompilerThread1" daemon [_thread_blocked, id=11844, stack(0x0000000026e70000,0x0000000026f70000)]
  0x00000000255dd800 JavaThread "C2 CompilerThread0" daemon [_thread_blocked, id=11840, stack(0x0000000026910000,0x0000000026a10000)]
  0x00000000255d9000 JavaThread "Attach Listener" daemon [_thread_blocked, id=11836, stack(0x0000000026c00000,0x0000000026d00000)]
  0x00000000255d8000 JavaThread "Signal Dispatcher" daemon [_thread_blocked, id=11828, stack(0x0000000026a20000,0x0000000026b20000)]
  0x00000000255be000 JavaThread "Finalizer" daemon [_thread_blocked, id=11824, stack(0x00000000267d0000,0x00000000268d0000)]
  0x00000000255b7000 JavaThread "Reference Handler" daemon [_thread_blocked, id=11800, stack(0x00000000264f0000,0x00000000265f0000)]

Other Threads:
  0x00000000255b3800 VMThread [stack: 0x0000000026600000,0x0000000026700000] [id=11816]
  0x000000002700a000 WatcherThread [stack: 0x0000000027600000,0x0000000027700000] [id=11940]

VM state:not at safepoint (normal execution)

VM Mutex/Monitor currently owned by a thread: None

Heap:
 PSYoungGen      total 153088K, used 34341K [0x0000000715b80000, 0x0000000720600000, 0x00000007c0000000)
  eden space 131584K, 26% used [0x0000000715b80000,0x0000000717d09598,0x000000071dc00000)
  from space 21504K, 0% used [0x000000071f100000,0x000000071f100000,0x0000000720600000)
  to   space 21504K, 0% used [0x000000071dc00000,0x000000071dc00000,0x000000071f100000)
 ParOldGen       total 349696K, used 0K [0x00000005c1200000, 0x00000005d6780000, 0x0000000715b80000)
  object space 349696K, 0% used [0x00000005c1200000,0x00000005c1200000,0x00000005d6780000)
 Metaspace       used 10285K, capacity 10490K, committed 10880K, reserved 1058816K
  class space    used 1219K, capacity 1281K, committed 1408K, reserved 1048576K

Card table byte_map: [0x0000000011aa0000,0x0000000012aa0000] byte_map_base: 0x000000000ec97000

Marking Bits: (ParMarkBitMap*) 0x000000006ffba6d0
 Begin Bits: [0x0000000013c90000, 0x000000001bc48000)
 End Bits:   [0x000000001bc48000, 0x0000000023c00000)

Polling page: 0x00000000004d0000

CodeCache: size=245760Kb used=2676Kb max_used=2687Kb free=243084Kb
 bounds [0x00000000026e0000, 0x0000000002990000, 0x00000000116e0000]
 total_blobs=994 nmethods=648 adapters=259
 compilation: enabled

Compilation events (10 events):
Event: 0.567 Thread 0x00000000255f7000 nmethod 643 0x000000000297b190 code [0x000000000297b360, 0x000000000297b978]
Event: 0.568 Thread 0x00000000255f7000  644       1       java.util.concurrent.locks.AbstractOwnableSynchronizer::getExclusiveOwnerThread (5 bytes)
Event: 0.568 Thread 0x00000000255f7000 nmethod 644 0x000000000297aed0 code [0x000000000297b020, 0x000000000297b130]
Event: 0.568 Thread 0x00000000255f7000  645       3       java.util.concurrent.CopyOnWriteArrayList$COWIterator::hasNext (18 bytes)
Event: 0.568 Thread 0x00000000255f7000 nmethod 645 0x000000000297ab10 code [0x000000000297ac60, 0x000000000297ae30]
Event: 0.568 Thread 0x00000000255f7000  646       1       java.util.concurrent.locks.AbstractQueuedSynchronizer::getState (5 bytes)
Event: 0.568 Thread 0x00000000255f7000 nmethod 646 0x000000000297a850 code [0x000000000297a9a0, 0x000000000297aab0]
Event: 0.573 Thread 0x00000000255f7000  647       1       java.io.File::getPrefixLength (5 bytes)
Event: 0.573 Thread 0x00000000255f7000 nmethod 647 0x000000000297d850 code [0x000000000297d9a0, 0x000000000297dab0]
Event: 0.576 Thread 0x00000000255e0000  648       4       java.util.HashMap::hash (20 bytes)

GC Heap History (0 events):
No events

Deoptimization events (1 events):
Event: 0.256 Thread 0x000000000211f000 Uncommon trap: reason=unstable_if action=reinterpret pc=0x0000000002865e4c method=org.sqlite.SQLiteJDBCLoader.contentsEquals(Ljava/io/InputStream;Ljava/io/InputStream;)Z @ 39

Internal exceptions (8 events):
Event: 0.021 Thread 0x000000000211f000 Exception <a 'java/lang/NoSuchMethodError': Method sun.misc.Unsafe.defineClass(Ljava/lang/String;[BII)Ljava/lang/Class; name or signature does not match> (0x0000000715b87cc0) thrown at [C:\re\workspace\8-2-build-windows-amd64-cygwin\jdk8u101\7261\hotspot\ss•·¥þ•?
Event: 0.021 Thread 0x000000000211f000 Exception <a 'java/lang/NoSuchMethodError': Method sun.misc.Unsafe.prefetchRead(Ljava/lang/Object;J)V name or signature does not match> (0x0000000715b87fa8) thrown at [C:\re\workspace\8-2-build-windows-amd64-cygwin\jdk8u101\7261\hotspot\src\share\vm\prims\×ØŠðœæµ?
Event: 0.086 Thread 0x000000000211f000 Exception <a 'java/security/PrivilegedActionException'> (0x0000000715c63eb8) thrown at [C:\re\workspace\8-2-build-windows-amd64-cygwin\jdk8u101\7261\hotspot\src\share\vm\prims\jvm.cpp, line 1386]
Event: 0.086 Thread 0x000000000211f000 Exception <a 'java/security/PrivilegedActionException'> (0x0000000715c640c8) thrown at [C:\re\workspace\8-2-build-windows-amd64-cygwin\jdk8u101\7261\hotspot\src\share\vm\prims\jvm.cpp, line 1386]
Event: 0.086 Thread 0x000000000211f000 Exception <a 'java/security/PrivilegedActionException'> (0x0000000715c67fb0) thrown at [C:\re\workspace\8-2-build-windows-amd64-cygwin\jdk8u101\7261\hotspot\src\share\vm\prims\jvm.cpp, line 1386]
Event: 0.086 Thread 0x000000000211f000 Exception <a 'java/security/PrivilegedActionException'> (0x0000000715c681c0) thrown at [C:\re\workspace\8-2-build-windows-amd64-cygwin\jdk8u101\7261\hotspot\src\share\vm\prims\jvm.cpp, line 1386]
Event: 0.311 Thread 0x000000000211f000 Exception <a 'java/lang/NoSuchFieldError': method resolution failed> (0x00000007162dcd10) thrown at [C:\re\workspace\8-2-build-windows-amd64-cygwin\jdk8u101\7261\hotspot\src\share\vm\prims\methodHandles.cpp, line 1146]
Event: 0.313 Thread 0x000000000211f000 Exception <a 'java/lang/NoSuchFieldError': method resolution failed> (0x00000007162ea0b0) thrown at [C:\re\workspace\8-2-build-windows-amd64-cygwin\jdk8u101\7261\hotspot\src\share\vm\prims\methodHandles.cpp, line 1146]

Events (10 events):
Event: 0.574 loading class java/sql/ParameterMetaData
Event: 0.574 loading class java/sql/ParameterMetaData done
Event: 0.574 loading class org/sqlite/jdbc3/JDBC3PreparedStatement
Event: 0.574 loading class org/sqlite/jdbc3/JDBC3PreparedStatement done
Event: 0.574 loading class org/sqlite/core/CorePreparedStatement
Event: 0.574 loading class org/sqlite/core/CorePreparedStatement done
Event: 0.575 loading class java/sql/Date
Event: 0.575 loading class java/sql/Date done
Event: 0.576 loading class tikape/runko/domain/ALUE
Event: 0.576 loading class tikape/runko/domain/ALUE done


Dynamic libraries:
0x000000013f6a0000 - 0x000000013f6d7000 	C:\Program Files\Java\jdk1.8.0_101\bin\java.exe
0x00000000779c0000 - 0x0000000077b6a000 	C:\Windows\SYSTEM32\ntdll.dll
0x00000000778a0000 - 0x00000000779bf000 	C:\Windows\system32\kernel32.dll
0x000007fefd7d0000 - 0x000007fefd83a000 	C:\Windows\system32\KERNELBASE.dll
0x000007feffaa0000 - 0x000007feffb7b000 	C:\Windows\system32\ADVAPI32.dll
0x000007fefe940000 - 0x000007fefe9df000 	C:\Windows\system32\msvcrt.dll
0x000007fefdbe0000 - 0x000007fefdbff000 	C:\Windows\SYSTEM32\sechost.dll
0x000007feffb80000 - 0x000007feffcad000 	C:\Windows\system32\RPCRT4.dll
0x00000000777a0000 - 0x000000007789a000 	C:\Windows\system32\USER32.dll
0x000007fefdc80000 - 0x000007fefdce7000 	C:\Windows\system32\GDI32.dll
0x000007fefdf70000 - 0x000007fefdf7e000 	C:\Windows\system32\LPK.dll
0x000007fefdb10000 - 0x000007fefdbda000 	C:\Windows\system32\USP10.dll
0x000007fefbf80000 - 0x000007fefc174000 	C:\Windows\WinSxS\amd64_microsoft.windows.common-controls_6595b64144ccf1df_6.0.7601.18837_none_fa3b1e3d17594757\COMCTL32.dll
0x000007fefe2f0000 - 0x000007fefe361000 	C:\Windows\system32\SHLWAPI.dll
0x000007fefe370000 - 0x000007fefe39e000 	C:\Windows\system32\IMM32.DLL
0x000007fefe3a0000 - 0x000007fefe4a9000 	C:\Windows\system32\MSCTF.dll
0x000000006bcd0000 - 0x000000006bda2000 	C:\Program Files\Java\jdk1.8.0_101\jre\bin\msvcr100.dll
0x000000006f7a0000 - 0x000000007003a000 	C:\Program Files\Java\jdk1.8.0_101\jre\bin\server\jvm.dll
0x000007fee2720000 - 0x000007fee2729000 	C:\Windows\system32\WSOCK32.dll
0x000007fefdac0000 - 0x000007fefdb0d000 	C:\Windows\system32\WS2_32.dll
0x000007fefdcf0000 - 0x000007fefdcf8000 	C:\Windows\system32\NSI.dll
0x000007fefadd0000 - 0x000007fefae0b000 	C:\Windows\system32\WINMM.dll
0x000007fefc7c0000 - 0x000007fefc7cc000 	C:\Windows\system32\VERSION.dll
0x0000000077b80000 - 0x0000000077b87000 	C:\Windows\system32\PSAPI.DLL
0x0000000071180000 - 0x000000007118f000 	C:\Program Files\Java\jdk1.8.0_101\jre\bin\verify.dll
0x0000000070f70000 - 0x0000000070f99000 	C:\Program Files\Java\jdk1.8.0_101\jre\bin\java.dll
0x0000000070ed0000 - 0x0000000070ee6000 	C:\Program Files\Java\jdk1.8.0_101\jre\bin\zip.dll
0x000007fefe9e0000 - 0x000007feff76c000 	C:\Windows\system32\SHELL32.dll
0x000007fefe4b0000 - 0x000007fefe6b3000 	C:\Windows\system32\ole32.dll
0x000007fefd710000 - 0x000007fefd71f000 	C:\Windows\system32\profapi.dll
0x000007fefcf40000 - 0x000007fefcf58000 	C:\Windows\system32\CRYPTSP.dll
0x000007fefcc40000 - 0x000007fefcc87000 	C:\Windows\system32\rsaenh.dll
0x000007fefd9c0000 - 0x000007fefd9de000 	C:\Windows\system32\USERENV.dll
0x000007fefd5a0000 - 0x000007fefd5af000 	C:\Windows\system32\CRYPTBASE.dll
0x0000000070bf0000 - 0x0000000070c0a000 	C:\Program Files\Java\jdk1.8.0_101\jre\bin\net.dll
0x000007fefcee0000 - 0x000007fefcf35000 	C:\Windows\system32\mswsock.dll
0x000007fefced0000 - 0x000007fefced7000 	C:\Windows\System32\wship6.dll
0x000007fefa040000 - 0x000007fefa067000 	C:\Windows\system32\IPHLPAPI.DLL
0x000007fefa020000 - 0x000007fefa02b000 	C:\Windows\system32\WINNSI.DLL
0x000007fef9eb0000 - 0x000007fef9ec1000 	C:\Windows\system32\dhcpcsvc6.DLL
0x000007fef9e90000 - 0x000007fef9ea8000 	C:\Windows\system32\dhcpcsvc.DLL
0x0000000070b60000 - 0x0000000070b71000 	C:\Program Files\Java\jdk1.8.0_101\jre\bin\nio.dll
0x000000006d580000 - 0x000000006d63d000 	F:\TEMP\sqlite-3.8.11.2-daf90b79-a5c0-4066-ae21-18acc64e14ac-sqlitejdbc.dll
0x0000000073a10000 - 0x0000000073a1d000 	C:\Program Files\Java\jdk1.8.0_101\jre\bin\management.dll
0x000007fef6ae0000 - 0x000007fef6c05000 	C:\Windows\system32\dbghelp.dll

VM Arguments:
java_command: tikape.runko.Main
java_class_path (initial): C:\Users\Anssi\Documents\tikape-projekti\tikape-runko\target\classes;C:\Users\Anssi\.m2\repository\com\sparkjava\spark-core\2.3\spark-core-2.3.jar;C:\Users\Anssi\.m2\repository\org\slf4j\slf4j-api\1.7.12\slf4j-api-1.7.12.jar;C:\Users\Anssi\.m2\repository\org\slf4j\slf4j-simple\1.7.12\slf4j-simple-1.7.12.jar;C:\Users\Anssi\.m2\repository\org\eclipse\jetty\jetty-server\9.3.2.v20150730\jetty-server-9.3.2.v20150730.jar;C:\Users\Anssi\.m2\repository\javax\servlet\javax.servlet-api\3.1.0\javax.servlet-api-3.1.0.jar;C:\Users\Anssi\.m2\repository\org\eclipse\jetty\jetty-http\9.3.2.v20150730\jetty-http-9.3.2.v20150730.jar;C:\Users\Anssi\.m2\repository\org\eclipse\jetty\jetty-util\9.3.2.v20150730\jetty-util-9.3.2.v20150730.jar;C:\Users\Anssi\.m2\repository\org\eclipse\jetty\jetty-io\9.3.2.v20150730\jetty-io-9.3.2.v20150730.jar;C:\Users\Anssi\.m2\repository\org\eclipse\jetty\jetty-webapp\9.3.2.v20150730\jetty-webapp-9.3.2.v20150730.jar;C:\Users\Anssi\.m2\repository\org\eclipse\jetty\jetty-xml\9.3.2.v20150730\jetty-xml-9.3.2.v20150730.jar;C:\Users\Anssi\.m2\repository\org\eclipse\jetty\jetty-servlet\9.3.2.v20150730\jetty-servlet-9.3.2.v20150730.jar;C:\Users\Anssi\.m2\repository\org\eclipse\jetty\jetty-security\9.3.2.v20150730\jetty-security-9.3.2.v20150730.jar;C:\Users\Anssi\.m2\repository\org\eclipse\jetty\websocket\websocket-server\9.3.2.v20150730\websocket-server-9.3.2.v20150730.jar;C:\Users\Anssi\.m2\repository\org\eclipse\jetty\websocket\websocket-common\9.3.2.v20150730\websocket-common-9.3.2.v20150730.jar;C:\Users\Anssi\.m2\repository\org\eclipse\jetty\websocket\websocket-client\9.3.2.v20150730\websocket-client-9.3.2.v20150730.jar;C:\Users\Anssi\.m2\repository\org\eclipse\jetty\websocket\websocket-servlet\9.3.2.v20150730\websocket-servlet-9.3.2.v20150730.jar;C:\Users\Anssi\.m2\repository\org\eclipse\jetty\websocket\websocket-api\9.3.2.v20150730\websocket-api-9.3.2.v20150730.jar;C:\Users\Anssi\.m2\repository\com\sparkjava\spark-template-thymele
Launcher Type: SUN_STANDARD

Environment Variables:
JAVA_HOME=C:\Program Files\Java\jdk1.8.0_101
PATH=C:\SQLite;C:\Users\Anssi\AppData\Local\Programs\Python\Python36-32\Scripts\;C:\Users\Anssi\AppData\Local\Programs\Python\Python36-32\
USERNAME=Anssi
OS=Windows_NT
PROCESSOR_IDENTIFIER=Intel64 Family 6 Model 94 Stepping 3, GenuineIntel



---------------  S Y S T E M  ---------------

OS: Windows 7 , 64 bit Build 7601 (6.1.7601.23418)

CPU:total 4 (4 cores per cpu, 1 threads per core) family 6 model 94 stepping 3, cmov, cx8, fxsr, mmx, sse, sse2, sse3, ssse3, sse4.1, sse4.2, popcnt, avx, avx2, aes, clmul, erms, rtm, 3dnowpref, lzcnt, tsc, tscinvbit, bmi1, bmi2, adx

Memory: 4k page, physical 33474600k(22572096k free), swap 41664740k(27706200k free)

vm_info: Java HotSpot(TM) 64-Bit Server VM (25.101-b13) for windows-amd64 JRE (1.8.0_101-b13), built on Jun 22 2016 01:21:29 by "java_re" with MS VC++ 10.0 (VS2010)

time: Sun Feb 12 05:58:16 2017
elapsed time: 0 seconds (0d 0h 0m 0s)

